<?xml version="1.0" encoding="UTF-8"?>
<testsuite name="com.example.AppPao.AppPaoApplicationTests" tests="1" skipped="0" failures="0" errors="0" timestamp="2022-12-08T00:31:52" hostname="MacBook-Pro-de-Cora-56.local" time="0.217">
  <properties/>
  <testcase name="contextLoads()" classname="com.example.AppPao.AppPaoApplicationTests" time="0.217"/>
  <system-out><![CDATA[21:31:48.831 [Test worker] DEBUG org.springframework.test.context.BootstrapUtils - Instantiating CacheAwareContextLoaderDelegate from class [org.springframework.test.context.cache.DefaultCacheAwareContextLoaderDelegate]
21:31:48.840 [Test worker] DEBUG org.springframework.test.context.BootstrapUtils - Instantiating BootstrapContext using constructor [public org.springframework.test.context.support.DefaultBootstrapContext(java.lang.Class,org.springframework.test.context.CacheAwareContextLoaderDelegate)]
21:31:48.869 [Test worker] DEBUG org.springframework.test.context.BootstrapUtils - Instantiating TestContextBootstrapper for test class [com.example.AppPao.AppPaoApplicationTests] from class [org.springframework.boot.test.context.SpringBootTestContextBootstrapper]
21:31:48.882 [Test worker] INFO org.springframework.boot.test.context.SpringBootTestContextBootstrapper - Neither @ContextConfiguration nor @ContextHierarchy found for test class [com.example.AppPao.AppPaoApplicationTests], using SpringBootContextLoader
21:31:48.884 [Test worker] DEBUG org.springframework.test.context.support.AbstractContextLoader - Did not detect default resource location for test class [com.example.AppPao.AppPaoApplicationTests]: class path resource [com/example/AppPao/AppPaoApplicationTests-context.xml] does not exist
21:31:48.885 [Test worker] DEBUG org.springframework.test.context.support.AbstractContextLoader - Did not detect default resource location for test class [com.example.AppPao.AppPaoApplicationTests]: class path resource [com/example/AppPao/AppPaoApplicationTestsContext.groovy] does not exist
21:31:48.885 [Test worker] INFO org.springframework.test.context.support.AbstractContextLoader - Could not detect default resource locations for test class [com.example.AppPao.AppPaoApplicationTests]: no resource found for suffixes {-context.xml, Context.groovy}.
21:31:48.886 [Test worker] INFO org.springframework.test.context.support.AnnotationConfigContextLoaderUtils - Could not detect default configuration classes for test class [com.example.AppPao.AppPaoApplicationTests]: AppPaoApplicationTests does not declare any static, non-private, non-final, nested classes annotated with @Configuration.
21:31:48.929 [Test worker] DEBUG org.springframework.test.context.support.ActiveProfilesUtils - Could not find an 'annotation declaring class' for annotation type [org.springframework.test.context.ActiveProfiles] and class [com.example.AppPao.AppPaoApplicationTests]
21:31:48.973 [Test worker] DEBUG org.springframework.context.annotation.ClassPathScanningCandidateComponentProvider - Identified candidate component class: file [/Users/cora/Desktop/AppPao/build/classes/kotlin/main/com/example/AppPao/AppPaoApplication.class]
21:31:48.975 [Test worker] INFO org.springframework.boot.test.context.SpringBootTestContextBootstrapper - Found @SpringBootConfiguration com.example.AppPao.AppPaoApplication for test class com.example.AppPao.AppPaoApplicationTests
21:31:49.050 [Test worker] DEBUG org.springframework.boot.test.context.SpringBootTestContextBootstrapper - @TestExecutionListeners is not present for class [com.example.AppPao.AppPaoApplicationTests]: using defaults.
21:31:49.050 [Test worker] INFO org.springframework.boot.test.context.SpringBootTestContextBootstrapper - Loaded default TestExecutionListener class names from location [META-INF/spring.factories]: [org.springframework.boot.test.autoconfigure.restdocs.RestDocsTestExecutionListener, org.springframework.boot.test.autoconfigure.web.client.MockRestServiceServerResetTestExecutionListener, org.springframework.boot.test.autoconfigure.web.servlet.MockMvcPrintOnlyOnFailureTestExecutionListener, org.springframework.boot.test.autoconfigure.web.servlet.WebDriverTestExecutionListener, org.springframework.boot.test.autoconfigure.webservices.client.MockWebServiceServerTestExecutionListener, org.springframework.boot.test.mock.mockito.MockitoTestExecutionListener, org.springframework.boot.test.mock.mockito.ResetMocksTestExecutionListener, org.springframework.test.context.web.ServletTestExecutionListener, org.springframework.test.context.support.DirtiesContextBeforeModesTestExecutionListener, org.springframework.test.context.event.ApplicationEventsTestExecutionListener, org.springframework.test.context.support.DependencyInjectionTestExecutionListener, org.springframework.test.context.support.DirtiesContextTestExecutionListener, org.springframework.test.context.transaction.TransactionalTestExecutionListener, org.springframework.test.context.jdbc.SqlScriptsTestExecutionListener, org.springframework.test.context.event.EventPublishingTestExecutionListener]
21:31:49.067 [Test worker] INFO org.springframework.boot.test.context.SpringBootTestContextBootstrapper - Using TestExecutionListeners: [org.springframework.test.context.web.ServletTestExecutionListener@630cb4a4, org.springframework.test.context.support.DirtiesContextBeforeModesTestExecutionListener@636e8cc, org.springframework.test.context.event.ApplicationEventsTestExecutionListener@f79a760, org.springframework.boot.test.mock.mockito.MockitoTestExecutionListener@14f5da2c, org.springframework.boot.test.autoconfigure.SpringBootDependencyInjectionTestExecutionListener@12dae582, org.springframework.test.context.support.DirtiesContextTestExecutionListener@239b0f9d, org.springframework.test.context.transaction.TransactionalTestExecutionListener@619bfe29, org.springframework.test.context.jdbc.SqlScriptsTestExecutionListener@5b057c8c, org.springframework.test.context.event.EventPublishingTestExecutionListener@1eb6749b, org.springframework.boot.test.autoconfigure.restdocs.RestDocsTestExecutionListener@652a7737, org.springframework.boot.test.autoconfigure.web.client.MockRestServiceServerResetTestExecutionListener@5b7ea70d, org.springframework.boot.test.autoconfigure.web.servlet.MockMvcPrintOnlyOnFailureTestExecutionListener@2bef51f2, org.springframework.boot.test.autoconfigure.web.servlet.WebDriverTestExecutionListener@650eab8, org.springframework.boot.test.autoconfigure.webservices.client.MockWebServiceServerTestExecutionListener@30f5a68a, org.springframework.boot.test.mock.mockito.ResetMocksTestExecutionListener@1e1d3956]
21:31:49.070 [Test worker] DEBUG org.springframework.test.context.support.AbstractDirtiesContextTestExecutionListener - Before test class: context [DefaultTestContext@5ad10c1a testClass = AppPaoApplicationTests, testInstance = [null], testMethod = [null], testException = [null], mergedContextConfiguration = [WebMergedContextConfiguration@6bb75258 testClass = AppPaoApplicationTests, locations = '{}', classes = '{class com.example.AppPao.AppPaoApplication}', contextInitializerClasses = '[]', activeProfiles = '{}', propertySourceLocations = '{}', propertySourceProperties = '{org.springframework.boot.test.context.SpringBootTestContextBootstrapper=true}', contextCustomizers = set[org.springframework.boot.test.autoconfigure.actuate.metrics.MetricsExportContextCustomizerFactory$DisableMetricExportContextCustomizer@4f3bbf68, org.springframework.boot.test.autoconfigure.properties.PropertyMappingContextCustomizer@0, org.springframework.boot.test.autoconfigure.web.servlet.WebDriverContextCustomizerFactory$Customizer@60129b9a, org.springframework.boot.test.context.filter.ExcludeFilterContextCustomizer@27216cd, org.springframework.boot.test.json.DuplicateJsonObjectContextCustomizerFactory$DuplicateJsonObjectContextCustomizer@6c2c1385, org.springframework.boot.test.mock.mockito.MockitoContextCustomizer@0, org.springframework.boot.test.web.client.TestRestTemplateContextCustomizer@1c93f6e1, org.springframework.boot.test.context.SpringBootTestArgs@1, org.springframework.boot.test.context.SpringBootTestWebEnvironment@2d2ffcb7], resourceBasePath = 'src/main/webapp', contextLoader = 'org.springframework.boot.test.context.SpringBootContextLoader', parent = [null]], attributes = map['org.springframework.test.context.web.ServletTestExecutionListener.activateListener' -> true]], class annotated with @DirtiesContext [false] with mode [null].

  .   ____          _            __ _ _
 /\\ / ___'_ __ _ _(_)_ __  __ _ \ \ \ \
( ( )\___ | '_ | '_| | '_ \/ _` | \ \ \ \
 \\/  ___)| |_)| | | | | || (_| |  ) ) ) )
  '  |____| .__|_| |_|_| |_\__, | / / / /
 =========|_|==============|___/=/_/_/_/
 :: Spring Boot ::                (v2.7.4)

2022-12-07 21:31:49.453  INFO 9059 --- [    Test worker] c.example.AppPao.AppPaoApplicationTests  : Starting AppPaoApplicationTests using Java 17.0.5 on MacBook-Pro-de-Cora-56.local with PID 9059 (started by cora in /Users/cora/Desktop/AppPao)
2022-12-07 21:31:49.454  INFO 9059 --- [    Test worker] c.example.AppPao.AppPaoApplicationTests  : No active profile set, falling back to 1 default profile: "default"
2022-12-07 21:31:49.984  INFO 9059 --- [    Test worker] .s.d.r.c.RepositoryConfigurationDelegate : Bootstrapping Spring Data JPA repositories in DEFAULT mode.
2022-12-07 21:31:50.027  INFO 9059 --- [    Test worker] .s.d.r.c.RepositoryConfigurationDelegate : Finished Spring Data repository scanning in 36 ms. Found 3 JPA repository interfaces.
2022-12-07 21:31:50.486  INFO 9059 --- [    Test worker] o.hibernate.jpa.internal.util.LogHelper  : HHH000204: Processing PersistenceUnitInfo [name: default]
2022-12-07 21:31:50.526  INFO 9059 --- [    Test worker] org.hibernate.Version                    : HHH000412: Hibernate ORM core version 5.6.11.Final
2022-12-07 21:31:50.670  INFO 9059 --- [    Test worker] o.hibernate.annotations.common.Version   : HCANN000001: Hibernate Commons Annotations {5.1.2.Final}
2022-12-07 21:31:50.747  INFO 9059 --- [    Test worker] com.zaxxer.hikari.HikariDataSource       : HikariPool-1 - Starting...
2022-12-07 21:31:50.882  INFO 9059 --- [    Test worker] com.zaxxer.hikari.HikariDataSource       : HikariPool-1 - Start completed.
2022-12-07 21:31:50.894  INFO 9059 --- [    Test worker] org.hibernate.dialect.Dialect            : HHH000400: Using dialect: org.hibernate.dialect.MySQL5Dialect
Hibernate: drop table if exists product
Hibernate: drop table if exists request_order
Hibernate: drop table if exists request_order_request
Hibernate: drop table if exists user
Hibernate: create table product (id bigint not null auto_increment, name varchar(100) not null, price float not null, quantity integer not null, primary key (id)) engine=MyISAM
Hibernate: create table request_order (id bigint not null auto_increment, total_price float not null, primary key (id)) engine=MyISAM
Hibernate: create table request_order_request (request_order_id bigint not null, request_id bigint not null) engine=MyISAM
Hibernate: create table user (id bigint not null auto_increment, email varchar(255), name varchar(100) not null, password varchar(255), primary key (id)) engine=MyISAM
Hibernate: alter table request_order_request add constraint FK51prv90a73wp531kaknk2yul1 foreign key (request_id) references product (id)
Hibernate: alter table request_order_request add constraint FKcb75uhvrh6lpv88n3lm0hvycg foreign key (request_order_id) references request_order (id)
2022-12-07 21:31:51.333  INFO 9059 --- [    Test worker] o.h.e.t.j.p.i.JtaPlatformInitiator       : HHH000490: Using JtaPlatform implementation: [org.hibernate.engine.transaction.jta.platform.internal.NoJtaPlatform]
2022-12-07 21:31:51.339  INFO 9059 --- [    Test worker] j.LocalContainerEntityManagerFactoryBean : Initialized JPA EntityManagerFactory for persistence unit 'default'
2022-12-07 21:31:52.081  WARN 9059 --- [    Test worker] JpaBaseConfiguration$JpaWebConfiguration : spring.jpa.open-in-view is enabled by default. Therefore, database queries may be performed during view rendering. Explicitly configure spring.jpa.open-in-view to disable this warning
2022-12-07 21:31:52.795  INFO 9059 --- [    Test worker] c.example.AppPao.AppPaoApplicationTests  : Started AppPaoApplicationTests in 3.694 seconds (JVM running for 4.577)
]]></system-out>
  <system-err><![CDATA[]]></system-err>
</testsuite>
